make all --print-data-base --no-builtin-variables --no-builtin-rules --question
# GNU Make 3.81
# Copyright (C) 2006  Free Software Foundation, Inc.
# This is free software; see the source for copying conditions.
# There is NO warranty; not even for MERCHANTABILITY or FITNESS FOR A
# PARTICULAR PURPOSE.

# This program built for i386-apple-darwin11.3.0
 

# Make data base, printed on Fri Aug 12 16:53:46 2022

# Variables

# automatic
<D = $(patsubst %/,%,$(dir $<))
# automatic
?F = $(notdir $?)
# makefile (from `Makefile', line 25)
OBJ = $(addprefix obj/,$(notdir $(SRC:.c=.o)))
# makefile (from `Makefile', line 22)
SRC = main.c parse.c parse_julia.c init.c fractals.c complex.c newtons_utils.c color.c hsv2rgb.c events.c view.c change_image.c print_info.c print_info2.c
# automatic
?D = $(patsubst %/,%,$(dir $?))
# automatic
@D = $(patsubst %/,%,$(dir $@))
# automatic
@F = $(notdir $@)
# makefile
CURDIR := /Users/fnieves-/Documents/Proyectos/minitalk pipex/mini talk proyect/minitalk_git
# makefile
SHELL = /bin/sh
# makefile (from `Makefile', line 23)
BON = main_bonus.c parse.c parse_julia.c init.c fractals.c complex.c newtons_utils.c color.c hsv2rgb.c events.c view.c change_image.c print_info.c print_info2.c
# environment
VSCODE_NLS_CONFIG = {"locale":"en-us","availableLanguages":{},"_languagePackSupport":true}
# environment
_ = /usr/bin/make
# makefile (from `Makefile', line 1)
MAKEFILE_LIST :=  Makefile
# environment
VSCODE_CWD = /
# environment
PATH = /usr/bin:/bin:/usr/sbin:/sbin
# makefile (from `Makefile', line 13)
VPATH = src bonus
# environment
LaunchInstanceID = 0F77C007-E571-4BE7-9BE1-1E5FA2F1537D
# environment
ELECTRON_RUN_AS_NODE = 1
# default
.FEATURES := target-specific order-only second-expansion else-if archives jobserver check-symlink
# environment
SSH_AUTH_SOCK = /private/tmp/com.apple.launchd.DXUIAythtC/Listeners
# automatic
%F = $(notdir $%)
# environment
PWD = /Users/fnieves-/Documents/Proyectos/minitalk pipex/mini talk proyect/minitalk_git
# makefile (from `Makefile', line 14)
INCFLAGS = -I libft -I ftprintf -I mlx -I include
# environment
ORIGINAL_XDG_CURRENT_DESKTOP = undefined
# environment
VSCODE_AMD_ENTRYPOINT = vs/workbench/api/node/extensionHostProcess
# environment
HOME = /Users/fnieves-
# default
MAKEFILEPATH := /Applications/Xcode.app/Contents/Developer/Makefiles
# environment
VSCODE_CODE_CACHE_PATH = /Users/fnieves-/Library/Application Support/Code/CachedData/b06ae3b2d2dbfe28bca3134cc6be65935cdfea6a
# environment
LOGNAME = fnieves-
# environment
APPLICATION_INSIGHTS_NO_DIAGNOSTIC_CHANNEL = 1
# environment
VSCODE_HANDLES_UNCAUGHT_ERRORS = true
# automatic
^D = $(patsubst %/,%,$(dir $^))
# environment
XPC_FLAGS = 0x0
# default
MAKE = $(MAKE_COMMAND)
# default
MAKECMDGOALS := all
# environment
SHLVL = 1
# makefile (from `Makefile', line 16)
CC = cc
# default
MAKE_VERSION := 3.81
# environment
USER = fnieves-
# makefile
.DEFAULT_GOAL := fractol
# makefile (from `Makefile', line 19)
NAME = fractol
# automatic
%D = $(patsubst %/,%,$(dir $%))
# default
MAKE_COMMAND := /Applications/Xcode.app/Contents/Developer/usr/bin/make
# default
.VARIABLES := 
# environment
TMPDIR = /var/folders/zz/zyxvpxvq6csfxvn_n000ccmm003355/T/
# automatic
*F = $(notdir $*)
# environment
VSCODE_IPC_HOOK = /Users/fnieves-/Library/Application Support/Code/1.69.1-main.sock
# environment
MallocNanoZone = 0
# makefile
MAKEFLAGS = Rrqp
# environment
MFLAGS = -Rrqp
# automatic
*D = $(patsubst %/,%,$(dir $*))
# makefile (from `Makefile', line 20)
BONUSNAME = fractol
# environment
XPC_SERVICE_NAME = com.apple.xpc.launchd.oneshot.0x10000001.Electron
# automatic
+D = $(patsubst %/,%,$(dir $+))
# automatic
+F = $(notdir $+)
# environment
__CF_USER_TEXT_ENCODING = 0x18CA5:0x0:0x0
# environment
COMMAND_MODE = unix2003
# default
MAKEFILES := 
# automatic
<F = $(notdir $<)
# environment
LC_ALL = C
# makefile (from `Makefile', line 21)
HEADER = include/fractol.h include/fr_userinfo.h include/keys.h include/fractol_bonus.h
# makefile (from `Makefile', line 24)
LIBS = libft/libft.a ftprintf/libftprintf.a
# environment
SECURITYSESSIONID = 186a7
# automatic
^F = $(notdir $^)
# default
SUFFIXES := 
# makefile (from `Makefile', line 17)
FLAGS = -Wall -Werror -Wextra
# default
.INCLUDE_DIRS = /usr/local/include
# environment
MAKELEVEL := 0
# makefile (from `Makefile', line 26)
BONOBJ = $(addprefix obj/,$(notdir $(BON:.c=.o)))
# environment
LANG = C
# environment
VSCODE_PID = 3959
# variable set hash-table stats:
# Load=71/1024=7%, Rehash=0, Collisions=7/108=6%

# Pattern-specific Variable Values

# No pattern-specific variable values.

# Directories

# include (device 16777227, inode 2420952): 6 files, no impossibilities so far.
# . (device 16777227, inode 2416787): 16 files, no impossibilities.
# src/libft: could not be stat'd.
# bonus/libft: could not be stat'd.
# src/obj: could not be stat'd.
# bonus/obj: could not be stat'd.
# src (device 16777227, inode 2420956): 16 files, no impossibilities.
# ftprintf (device 16777227, inode 2420951): No files, no impossibilities so far.
# bonus (device 16777227, inode 2420950): 3 files, no impossibilities.
# libft (device 16777227, inode 2420953): No files, no impossibilities so far.

# 41 files, no impossibilities in 10 directories.

# Implicit Rules

obj/%.o: %.c libft/libft.a ftprintf/libftprintf.a include/fractol.h include/fr_userinfo.h include/keys.h include/fractol_bonus.h | obj
#  commands to execute (from `Makefile', line 32):
	$(CC) $(FLAGS) $(INCFLAGS) -c $< -o $@
	

# 1 implicit rules, 0 (0.0%) terminal.

# Files

fractol: obj/main.o obj/parse.o obj/parse_julia.o obj/init.o obj/fractals.o obj/complex.o obj/newtons_utils.o obj/color.o obj/hsv2rgb.o obj/events.o obj/view.o obj/change_image.o obj/print_info.o obj/print_info2.o | libft/libft.a ftprintf/libftprintf.a
#  Implicit rule search has not been done.
#  File does not exist.
#  File has been updated.
#  Needs to be updated (-q is set).
# variable set hash-table stats:
# Load=0/32=0%, Rehash=0, Collisions=0/2=0%
#  commands to execute (from `Makefile', line 29):
	$(CC) $(FLAGS) -o $@ $^ -Llibft -lft -Lftprintf -lftprintf -lm -Lmlx -lmlx -framework OpenGL -framework AppKit
	

all: fractol
#  Phony target (prerequisite of .PHONY).
#  Command-line target.
#  Implicit rule search has not been done.
#  File does not exist.
#  File has been updated.
#  Needs to be updated (-q is set).
# variable set hash-table stats:
# Load=0/32=0%, Rehash=0, Collisions=0/2=0%

# Not a target:
obj/print_info.o:
#  Implicit rule search has not been done.
#  Modification time never checked.
#  File has not been updated.

.PHONY: all clean fclean re bonus
#  Implicit rule search has not been done.
#  Modification time never checked.
#  File has not been updated.

# Not a target:
obj/parse_julia.o:
#  Implicit rule search has not been done.
#  Modification time never checked.
#  File has not been updated.

obj/main.o: src/main.c libft/libft.a ftprintf/libftprintf.a include/fractol.h include/fr_userinfo.h include/keys.h include/fractol_bonus.h | obj
#  Implicit rule search has been done.
#  Implicit/static pattern stem: `main'
#  File does not exist.
#  File has been updated.
#  Needs to be updated (-q is set).
# variable set hash-table stats:
# Load=0/32=0%, Rehash=0, Collisions=0/2=0%
#  commands to execute (from `Makefile', line 32):
	$(CC) $(FLAGS) $(INCFLAGS) -c $< -o $@
	

# Not a target:
.SUFFIXES:
#  Implicit rule search has not been done.
#  Modification time never checked.
#  File has not been updated.

# Not a target:
Makefile:
#  Implicit rule search has been done.
#  Last modified 2022-07-21 12:43:14
#  File has been updated.
#  Successfully updated.
# variable set hash-table stats:
# Load=0/32=0%, Rehash=0, Collisions=0/0=0%

libs: fclean all
#  Implicit rule search has not been done.
#  Modification time never checked.
#  File has not been updated.

# Not a target:
obj/color.o:
#  Implicit rule search has not been done.
#  Modification time never checked.
#  File has not been updated.

# Not a target:
include/fractol_bonus.h:
#  Implicit rule search has not been done.
#  Modification time never checked.
#  File has not been updated.

# Not a target:
obj/view.o:
#  Implicit rule search has not been done.
#  Modification time never checked.
#  File has not been updated.

libft/libft.a:
#  Implicit rule search has not been done.
#  Implicit/static pattern stem: `'
#  File does not exist.
#  File has been updated.
#  Needs to be updated (-q is set).
# automatic
# @ := libft/libft.a
# automatic
# % := 
# automatic
# * := 
 
# automatic
# + := 
# automatic
# | := 
# automatic
# < := 
# automatic
# ^ := 
# automatic
# ? := 
# variable set hash-table stats:
# Load=8/32=25%, Rehash=0, Collisions=1/10=10%
#  commands to execute (from `Makefile', line 38):
	-(cd libft && make)
	-(cd ftprintf && make && make clean)
	-(cd libft && make clean)
	

bonus: obj/main_bonus.o obj/parse.o obj/parse_julia.o obj/init.o obj/fractals.o obj/complex.o obj/newtons_utils.o obj/color.o obj/hsv2rgb.o obj/events.o obj/view.o obj/change_image.o obj/print_info.o obj/print_info2.o | libft/libft.a ftprintf/libftprintf.a
#  Phony target (prerequisite of .PHONY).
#  Implicit rule search has not been done.
#  File does not exist.
#  File has not been updated.
#  commands to execute (from `Makefile', line 45):
	$(CC) $(FLAGS) -o $(NAME) $^ -Llibft -lft -Lftprintf -lftprintf -lm -Lmlx -lmlx -framework OpenGL -framework AppKit
	

# Not a target:
obj/fractals.o:
#  Implicit rule search has not been done.
#  Modification time never checked.
#  File has not been updated.

fclean: clean
#  Phony target (prerequisite of .PHONY).
#  Implicit rule search has not been done.
#  File does not exist.
#  File has not been updated.
#  commands to execute (from `Makefile', line 51):
	rm -f $(NAME)
	-(cd libft && make fclean)
	-(cd ftprintf && make fclean)
	

# Not a target:
src/main.c:
#  Implicit rule search has been done.
#  Last modified 2022-07-21 12:43:15
#  File has been updated.
#  Successfully updated.
# variable set hash-table stats:
# Load=0/32=0%, Rehash=0, Collisions=0/0=0%

obj:
#  Implicit rule search has not been done.
#  Modification time never checked.
#  File has not been updated.
#  commands to execute (from `Makefile', line 35):
	mkdir obj
	

# Not a target:
obj/print_info2.o:
#  Implicit rule search has not been done.
#  Modification time never checked.
#  File has not been updated.

# Not a target:
include/keys.h:
#  Implicit rule search has not been done.
#  Modification time never checked.
#  File has not been updated.

# Not a target:
.DEFAULT:
#  Implicit rule search has not been done.
#  Modification time never checked.
#  File has not been updated.

# Not a target:
obj/hsv2rgb.o:
#  Implicit rule search has not been done.
#  Modification time never checked.
#  File has not been updated.

# Not a target:
obj/events.o:
#  Implicit rule search has not been done.
#  Modification time never checked.
#  File has not been updated.

# Not a target:
obj/complex.o:
#  Implicit rule search has not been done.
#  Modification time never checked.
#  File has not been updated.

# Not a target:
include/fractol.h:
#  Implicit rule search has not been done.
#  Modification time never checked.
#  File has not been updated.

re: clean all
#  Phony target (prerequisite of .PHONY).
#  Implicit rule search has not been done.
#  File does not exist.
#  File has not been updated.

# Not a target:
obj/parse.o:
#  Implicit rule search has not been done.
#  Modification time never checked.
#  File has not been updated.

clean:
#  Phony target (prerequisite of .PHONY).
#  Implicit rule search has not been done.
#  File does not exist.
#  File has not been updated.
#  commands to execute (from `Makefile', line 48):
	rm -rf obj
	

# Not a target:
obj/init.o:
#  Implicit rule search has not been done.
#  Modification time never checked.
#  File has not been updated.

# Not a target:
include/fr_userinfo.h:
#  Implicit rule search has not been done.
#  Modification time never checked.
#  File has not been updated.

# Not a target:
obj/change_image.o:
#  Implicit rule search has not been done.
#  Modification time never checked.
#  File has not been updated.

ftprintf/libftprintf.a:
#  Implicit rule search has not been done.
#  Modification time never checked.
#  File has not been updated.
#  commands to execute (from `Makefile', line 38):
	-(cd libft && make)
	-(cd ftprintf && make && make clean)
	-(cd libft && make clean)
	

# Not a target:
obj/newtons_utils.o:
#  Implicit rule search has not been done.
#  Modification time never checked.
#  File has not been updated.

# Not a target:
obj/main_bonus.o:
#  Implicit rule search has not been done.
#  Modification time never checked.
#  File has not been updated.

# files hash-table stats:
# Load=34/1024=3%, Rehash=0, Collisions=0/123=0%
# VPATH Search Paths

# No `vpath' search paths.

# General (`VPATH' variable) search path:
# src:bonus

# # of strings in strcache: 1
# # of strcache buffers: 1
# strcache size: total = 4096 / max = 4096 / min = 4096 / avg = 4096
# strcache free: total = 4087 / max = 4087 / min = 4087 / avg = 4087

# Finished Make data base on Fri Aug 12 16:53:46 2022

 
